\BOOKMARK [1][-]{section.1}{\376\377\000I\000n\000t\000r\000o\000d\000u\000c\000t\000i\000o\000n\000:\000\040\000W\000h\000y\000\040\000D\000e\000r\000i\000v\000e\000\040\000W\000h\000a\000t\000\040\000A\000l\000r\000e\000a\000d\000y\000\040\000W\000o\000r\000k\000s\000?}{}% 1
\BOOKMARK [1][-]{section.2}{\376\377\000M\000a\000t\000h\000e\000m\000a\000t\000i\000c\000a\000l\000\040\000F\000o\000u\000n\000d\000a\000t\000i\000o\000n\000s}{}% 2
\BOOKMARK [2][-]{subsection.2.1}{\376\377\000T\000h\000e\000\040\000S\000t\000r\000a\000i\000n\000\040\000T\000e\000n\000s\000o\000r\000\040\000a\000s\000\040\000S\000p\000a\000c\000e\000t\000i\000m\000e\000\040\000G\000e\000o\000m\000e\000t\000r\000y}{section.2}% 3
\BOOKMARK [2][-]{subsection.2.2}{\376\377\000E\000l\000a\000s\000t\000i\000c\000\040\000E\000n\000e\000r\000g\000y\000\040\000D\000e\000n\000s\000i\000t\000y}{section.2}% 4
\BOOKMARK [2][-]{subsection.2.3}{\376\377\000T\000h\000e\000\040\000A\000c\000t\000i\000o\000n\000\040\000P\000r\000i\000n\000c\000i\000p\000l\000e}{section.2}% 5
\BOOKMARK [1][-]{section.3}{\376\377\000D\000e\000r\000i\000v\000a\000t\000i\000o\000n\000\040\000o\000f\000\040\000t\000h\000e\000\040\000E\000i\000n\000s\000t\000e\000i\000n\000\040\000T\000e\000n\000s\000o\000r}{}% 6
\BOOKMARK [2][-]{subsection.3.1}{\376\377\000V\000a\000r\000i\000a\000t\000i\000o\000n\000\040\000o\000f\000\040\000t\000h\000e\000\040\000A\000c\000t\000i\000o\000n}{section.3}% 7
\BOOKMARK [2][-]{subsection.3.2}{\376\377\000T\000h\000e\000\040\000H\000E\000L\000M\000\040\000I\000n\000s\000i\000g\000h\000t\000:\000\040\000G\000e\000o\000m\000e\000t\000r\000y\000\040\000I\000S\000\040\000t\000h\000e\000\040\000L\000a\000t\000t\000i\000c\000e\000\040\000R\000e\000s\000p\000o\000n\000s\000e}{section.3}% 8
\BOOKMARK [2][-]{subsection.3.3}{\376\377\000W\000h\000y\000\040\000T\000h\000i\000s\000\040\000I\000s\000\040\000N\000o\000t\000\040\000C\000i\000r\000c\000u\000l\000a\000r}{section.3}% 9
\BOOKMARK [2][-]{subsection.3.4}{\376\377\000D\000e\000r\000i\000v\000a\000t\000i\000o\000n\000\040\000o\000f\000\040\000N\000e\000w\000t\000o\000n\000'\000s\000\040\000C\000o\000n\000s\000t\000a\000n\000t\000\040\000G}{section.3}% 10
\BOOKMARK [1][-]{section.4}{\376\377\000E\000m\000e\000r\000g\000e\000n\000c\000e\000\040\000o\000f\000\040\000N\000e\000w\000t\000o\000n\000'\000s\000\040\000C\000o\000n\000s\000t\000a\000n\000t}{}% 11
\BOOKMARK [2][-]{subsection.4.1}{\376\377\000W\000e\000a\000k\000-\000F\000i\000e\000l\000d\000\040\000L\000i\000m\000i\000t}{section.4}% 12
\BOOKMARK [2][-]{subsection.4.2}{\376\377\000L\000a\000t\000t\000i\000c\000e\000\040\000P\000r\000e\000d\000i\000c\000t\000i\000o\000n\000\040\000f\000o\000r\000\040\000G}{section.4}% 13
\BOOKMARK [1][-]{section.5}{\376\377\000E\000x\000t\000e\000n\000s\000i\000o\000n\000s\000:\000\040\000W\000h\000a\000t\000\040\000E\000l\000s\000e\000\040\000F\000a\000l\000l\000s\000\040\000O\000u\000t}{}% 14
\BOOKMARK [2][-]{subsection.5.1}{\376\377\000T\000h\000e\000\040\000C\000o\000s\000m\000o\000l\000o\000g\000i\000c\000a\000l\000\040\000C\000o\000n\000s\000t\000a\000n\000t\000\040\000P\000r\000o\000b\000l\000e\000m\040\024\000S\000o\000l\000v\000e\000d}{section.5}% 15
\BOOKMARK [2][-]{subsection.5.2}{\376\377\000G\000r\000a\000v\000i\000t\000a\000t\000i\000o\000n\000a\000l\000\040\000W\000a\000v\000e\000s\000\040\000a\000s\000\040\000P\000h\000o\000n\000o\000n\000s}{section.5}% 16
\BOOKMARK [2][-]{subsection.5.3}{\376\377\000F\000r\000a\000m\000e\000\040\000D\000r\000a\000g\000g\000i\000n\000g\000\040\000a\000n\000d\000\040\000R\000o\000t\000a\000t\000i\000o\000n\000a\000l\000\040\000C\000o\000u\000p\000l\000i\000n\000g}{section.5}% 17
\BOOKMARK [2][-]{subsection.5.4}{\376\377\000B\000l\000a\000c\000k\000\040\000H\000o\000l\000e\000s\000:\000\040\000H\000o\000r\000i\000z\000o\000n\000\040\000a\000s\000\040\000P\000h\000a\000s\000e\000\040\000T\000r\000a\000n\000s\000i\000t\000i\000o\000n}{section.5}% 18
\BOOKMARK [2][-]{subsection.5.5}{\376\377\000H\000a\000w\000k\000i\000n\000g\000\040\000R\000a\000d\000i\000a\000t\000i\000o\000n\000:\000\040\000A\000\040\000T\000e\000s\000t\000a\000b\000l\000e\000\040\000D\000i\000s\000c\000r\000e\000p\000a\000n\000c\000y}{section.5}% 19
\BOOKMARK [3][-]{subsubsection.5.5.1}{\376\377\000W\000h\000y\000\040\000t\000h\000e\000\040\000D\000i\000s\000c\000r\000e\000p\000a\000n\000c\000y\000?}{subsection.5.5}% 20
\BOOKMARK [3][-]{subsubsection.5.5.2}{\376\377\000W\000h\000y\000\040\000H\000a\000v\000e\000n\000'\000t\000\040\000W\000e\000\040\000S\000e\000e\000n\000\040\000H\000a\000w\000k\000i\000n\000g\000\040\000R\000a\000d\000i\000a\000t\000i\000o\000n\000?}{subsection.5.5}% 21
\BOOKMARK [3][-]{subsubsection.5.5.3}{\376\377\000T\000h\000e\000\040\000H\000i\000d\000d\000e\000n\000\040\000E\000v\000i\000d\000e\000n\000c\000e\000:\000\040\000F\000e\000r\000m\000i\000'\000s\000\040\0001\0003\0000\0000\000+\000\040\000U\000n\000i\000d\000e\000n\000t\000i\000f\000i\000e\000d\000\040\000S\000o\000u\000r\000c\000e\000s}{subsection.5.5}% 22
\BOOKMARK [1][-]{section.6}{\376\377\000F\000a\000l\000s\000i\000f\000i\000a\000b\000i\000l\000i\000t\000y\000\040\000a\000n\000d\000\040\000P\000r\000e\000d\000i\000c\000t\000i\000o\000n\000s}{}% 23
\BOOKMARK [1][-]{section.7}{\376\377\000P\000h\000i\000l\000o\000s\000o\000p\000h\000i\000c\000a\000l\000\040\000I\000m\000p\000l\000i\000c\000a\000t\000i\000o\000n\000s}{}% 24
\BOOKMARK [2][-]{subsection.7.1}{\376\377\000G\000o\000d\000\040\000a\000s\000\040\000G\000e\000o\000m\000e\000t\000e\000r}{section.7}% 25
\BOOKMARK [2][-]{subsection.7.2}{\376\377\000H\000u\000m\000i\000l\000i\000t\000y\000\040\000v\000s\000.\000\040\000H\000u\000b\000r\000i\000s}{section.7}% 26
\BOOKMARK [1][-]{section.8}{\376\377\000C\000o\000n\000c\000l\000u\000s\000i\000o\000n}{}% 27
